<?xml version="1.0" encoding="UTF-8"?>
<!-- Generated by org.testng.reporters.JUnitXMLReporter -->
<testsuite ignored="0" hostname="DESKTOP-9Q4I8FN" failures="0" tests="14" name="TutorialsNinja Test Cases" time="184.222" errors="0" timestamp="2024-04-25T18:42:38 IST">
  <testcase classname="com.tutorialsninja.qa.testcases.Register" name="VerifyRegisteringAnAccountWithMandetoryFields" time="1.804"/>
  <testcase classname="com.tutorialsninja.qa.testcases.Register" name="VerifyRegisteringAccountByEnteringAllFields" time="1.877"/>
  <testcase classname="com.tutorialsninja.qa.testcases.Register" name="VerifyRegisteringAccountByProvidingExistingDetails" time="1.906"/>
  <testcase classname="com.tutorialsninja.qa.testcases.Register" name="VerifyRegisteringAccountWithOutFillingAnyDetails" time="0.935"/>
  <testcase classname="com.tutorialsninja.qa.testcases.Login" name="verifyLoginWithValidCredentials" time="1.161"/>
  <testcase classname="com.tutorialsninja.qa.testcases.Login" name="verifyLoginWithValidCredentials" time="1.193"/>
  <testcase classname="com.tutorialsninja.qa.testcases.Login" name="verifyLoginWithInvalidCredentials" time="1.404"/>
  <testcase classname="com.tutorialsninja.qa.testcases.Login" name="verifyLoginWithInvalidEmailAndValidPassword" time="1.452"/>
  <testcase classname="com.tutorialsninja.qa.testcases.Login" name="verifyLoginWithValidEmailAndInvalidPassword" time="1.666"/>
  <testcase classname="com.tutorialsninja.qa.testcases.Login" name="verifyLoginWithoutProvidingCredentials" time="1.029"/>
  <testcase classname="com.tutorialsninja.qa.testcases.Login" name="verifyLoginUsingTabAndEnter" time="2.395"/>
  <testcase classname="com.tutorialsninja.qa.testcases.Search" name="VerifySearchWithExistingProduct" time="1.411"/>
  <testcase classname="com.tutorialsninja.qa.testcases.Search" name="VerifySearchWithNonExistingProduct" time="1.546"/>
  <testcase classname="com.tutorialsninja.qa.testcases.Search" name="VerifySearchWithoutEnteringProductName" time="0.961"/>
</testsuite> <!-- TutorialsNinja Test Cases -->
