<?xml version="1.0" encoding="UTF-8"?>
<!-- Generated by org.testng.reporters.JUnitXMLReporter -->
<testsuite ignored="0" hostname="DESKTOP-9Q4I8FN" failures="0" tests="3" name="Default test" time="39.967" errors="0" timestamp="2024-04-22T19:15:31 IST">
  <testcase classname="com.tutorialsninja.qa.testcases.Search" name="VerifySearchWithExistingProduct" time="1.61"/>
  <testcase classname="com.tutorialsninja.qa.testcases.Search" name="VerifySearchWithNonExistingProduct" time="1.227"/>
  <testcase classname="com.tutorialsninja.qa.testcases.Search" name="VerifySearchWithoutEnteringProductName" time="1.04"/>
</testsuite> <!-- Default test -->
