<?xml version="1.0" encoding="UTF-8"?>
<testng-results ignored="0" total="14" passed="14" failed="0" skipped="0">
  <reporter-output>
  </reporter-output>
  <suite started-at="2024-04-25T18:39:29 IST" name="TutorialsNinja Automation Suite" finished-at="2024-04-25T18:42:33 IST" duration-ms="184222">
    <groups>
    </groups>
    <test started-at="2024-04-25T18:39:29 IST" name="TutorialsNinja Test Cases" finished-at="2024-04-25T18:42:33 IST" duration-ms="184222">
      <class name="com.tutorialsninja.qa.testcases.Search">
        <test-method is-config="true" signature="setup()[pri:0, instance:com.tutorialsninja.qa.testcases.Search@40a4337a]" started-at="2024-04-25T18:41:53 IST" name="setup" finished-at="2024-04-25T18:42:04 IST" duration-ms="11269" status="PASS">
          <reporter-output>
          </reporter-output>
        </test-method> <!-- setup -->
        <test-method signature="VerifySearchWithExistingProduct()[pri:1, instance:com.tutorialsninja.qa.testcases.Search@40a4337a]" started-at="2024-04-25T18:42:04 IST" name="VerifySearchWithExistingProduct" finished-at="2024-04-25T18:42:06 IST" duration-ms="1411" status="PASS">
          <reporter-output>
          </reporter-output>
        </test-method> <!-- VerifySearchWithExistingProduct -->
        <test-method is-config="true" signature="tearDown()[pri:0, instance:com.tutorialsninja.qa.testcases.Search@40a4337a]" started-at="2024-04-25T18:42:06 IST" name="tearDown" finished-at="2024-04-25T18:42:07 IST" duration-ms="737" status="PASS">
          <reporter-output>
          </reporter-output>
        </test-method> <!-- tearDown -->
        <test-method is-config="true" signature="setup()[pri:0, instance:com.tutorialsninja.qa.testcases.Search@40a4337a]" started-at="2024-04-25T18:42:07 IST" name="setup" finished-at="2024-04-25T18:42:19 IST" duration-ms="11983" status="PASS">
          <reporter-output>
          </reporter-output>
        </test-method> <!-- setup -->
        <test-method signature="VerifySearchWithNonExistingProduct()[pri:2, instance:com.tutorialsninja.qa.testcases.Search@40a4337a]" started-at="2024-04-25T18:42:19 IST" name="VerifySearchWithNonExistingProduct" finished-at="2024-04-25T18:42:20 IST" duration-ms="1546" status="PASS">
          <reporter-output>
          </reporter-output>
        </test-method> <!-- VerifySearchWithNonExistingProduct -->
        <test-method is-config="true" signature="tearDown()[pri:0, instance:com.tutorialsninja.qa.testcases.Search@40a4337a]" started-at="2024-04-25T18:42:20 IST" name="tearDown" finished-at="2024-04-25T18:42:21 IST" duration-ms="1119" status="PASS">
          <reporter-output>
          </reporter-output>
        </test-method> <!-- tearDown -->
        <test-method is-config="true" signature="setup()[pri:0, instance:com.tutorialsninja.qa.testcases.Search@40a4337a]" started-at="2024-04-25T18:42:21 IST" name="setup" finished-at="2024-04-25T18:42:32 IST" duration-ms="10343" status="PASS">
          <reporter-output>
          </reporter-output>
        </test-method> <!-- setup -->
        <test-method signature="VerifySearchWithoutEnteringProductName()[pri:3, instance:com.tutorialsninja.qa.testcases.Search@40a4337a]" started-at="2024-04-25T18:42:32 IST" name="VerifySearchWithoutEnteringProductName" finished-at="2024-04-25T18:42:33 IST" duration-ms="961" status="PASS">
          <reporter-output>
          </reporter-output>
        </test-method> <!-- VerifySearchWithoutEnteringProductName -->
        <test-method is-config="true" signature="tearDown()[pri:0, instance:com.tutorialsninja.qa.testcases.Search@40a4337a]" started-at="2024-04-25T18:42:33 IST" name="tearDown" finished-at="2024-04-25T18:42:33 IST" duration-ms="701" status="PASS">
          <reporter-output>
          </reporter-output>
        </test-method> <!-- tearDown -->
      </class> <!-- com.tutorialsninja.qa.testcases.Search -->
      <class name="com.tutorialsninja.qa.testcases.Register">
        <test-method is-config="true" signature="setup()[pri:0, instance:com.tutorialsninja.qa.testcases.Register@7c7b252e]" started-at="2024-04-25T18:39:30 IST" name="setup" finished-at="2024-04-25T18:39:44 IST" duration-ms="13849" status="PASS">
          <reporter-output>
          </reporter-output>
        </test-method> <!-- setup -->
        <test-method signature="VerifyRegisteringAnAccountWithMandetoryFields()[pri:1, instance:com.tutorialsninja.qa.testcases.Register@7c7b252e]" started-at="2024-04-25T18:39:44 IST" name="VerifyRegisteringAnAccountWithMandetoryFields" finished-at="2024-04-25T18:39:46 IST" duration-ms="1804" status="PASS">
          <reporter-output>
          </reporter-output>
        </test-method> <!-- VerifyRegisteringAnAccountWithMandetoryFields -->
        <test-method is-config="true" signature="tearDown()[pri:0, instance:com.tutorialsninja.qa.testcases.Register@7c7b252e]" started-at="2024-04-25T18:39:46 IST" name="tearDown" finished-at="2024-04-25T18:39:46 IST" duration-ms="304" status="PASS">
          <reporter-output>
          </reporter-output>
        </test-method> <!-- tearDown -->
        <test-method is-config="true" signature="setup()[pri:0, instance:com.tutorialsninja.qa.testcases.Register@7c7b252e]" started-at="2024-04-25T18:39:46 IST" name="setup" finished-at="2024-04-25T18:39:58 IST" duration-ms="11860" status="PASS">
          <reporter-output>
          </reporter-output>
        </test-method> <!-- setup -->
        <test-method signature="VerifyRegisteringAccountByEnteringAllFields()[pri:2, instance:com.tutorialsninja.qa.testcases.Register@7c7b252e]" started-at="2024-04-25T18:39:58 IST" name="VerifyRegisteringAccountByEnteringAllFields" finished-at="2024-04-25T18:40:00 IST" duration-ms="1877" status="PASS">
          <reporter-output>
          </reporter-output>
        </test-method> <!-- VerifyRegisteringAccountByEnteringAllFields -->
        <test-method is-config="true" signature="tearDown()[pri:0, instance:com.tutorialsninja.qa.testcases.Register@7c7b252e]" started-at="2024-04-25T18:40:00 IST" name="tearDown" finished-at="2024-04-25T18:40:00 IST" duration-ms="289" status="PASS">
          <reporter-output>
          </reporter-output>
        </test-method> <!-- tearDown -->
        <test-method is-config="true" signature="setup()[pri:0, instance:com.tutorialsninja.qa.testcases.Register@7c7b252e]" started-at="2024-04-25T18:40:00 IST" name="setup" finished-at="2024-04-25T18:40:11 IST" duration-ms="11087" status="PASS">
          <reporter-output>
          </reporter-output>
        </test-method> <!-- setup -->
        <test-method signature="VerifyRegisteringAccountByProvidingExistingDetails()[pri:3, instance:com.tutorialsninja.qa.testcases.Register@7c7b252e]" started-at="2024-04-25T18:40:11 IST" name="VerifyRegisteringAccountByProvidingExistingDetails" finished-at="2024-04-25T18:40:13 IST" duration-ms="1906" status="PASS">
          <reporter-output>
          </reporter-output>
        </test-method> <!-- VerifyRegisteringAccountByProvidingExistingDetails -->
        <test-method is-config="true" signature="tearDown()[pri:0, instance:com.tutorialsninja.qa.testcases.Register@7c7b252e]" started-at="2024-04-25T18:40:13 IST" name="tearDown" finished-at="2024-04-25T18:40:14 IST" duration-ms="511" status="PASS">
          <reporter-output>
          </reporter-output>
        </test-method> <!-- tearDown -->
        <test-method is-config="true" signature="setup()[pri:0, instance:com.tutorialsninja.qa.testcases.Register@7c7b252e]" started-at="2024-04-25T18:40:14 IST" name="setup" finished-at="2024-04-25T18:40:23 IST" duration-ms="9314" status="PASS">
          <reporter-output>
          </reporter-output>
        </test-method> <!-- setup -->
        <test-method signature="VerifyRegisteringAccountWithOutFillingAnyDetails()[pri:4, instance:com.tutorialsninja.qa.testcases.Register@7c7b252e]" started-at="2024-04-25T18:40:23 IST" name="VerifyRegisteringAccountWithOutFillingAnyDetails" finished-at="2024-04-25T18:40:24 IST" duration-ms="935" status="PASS">
          <reporter-output>
          </reporter-output>
        </test-method> <!-- VerifyRegisteringAccountWithOutFillingAnyDetails -->
        <test-method is-config="true" signature="tearDown()[pri:0, instance:com.tutorialsninja.qa.testcases.Register@7c7b252e]" started-at="2024-04-25T18:40:24 IST" name="tearDown" finished-at="2024-04-25T18:40:24 IST" duration-ms="395" status="PASS">
          <reporter-output>
          </reporter-output>
        </test-method> <!-- tearDown -->
      </class> <!-- com.tutorialsninja.qa.testcases.Register -->
      <class name="com.tutorialsninja.qa.testcases.Login">
        <test-method is-config="true" signature="setup()[pri:0, instance:com.tutorialsninja.qa.testcases.Login@6a6cb05c]" started-at="2024-04-25T18:40:26 IST" name="setup" finished-at="2024-04-25T18:40:35 IST" duration-ms="9300" status="PASS">
          <reporter-output>
          </reporter-output>
        </test-method> <!-- setup -->
        <test-method signature="verifyLoginWithValidCredentials(java.lang.String,java.lang.String)[pri:1, instance:com.tutorialsninja.qa.testcases.Login@6a6cb05c]" started-at="2024-04-25T18:40:35 IST" name="verifyLoginWithValidCredentials" data-provider="LoginData" finished-at="2024-04-25T18:40:36 IST" duration-ms="1161" status="PASS">
          <params>
            <param index="0">
              <value>
                <![CDATA[ravuri1@gmail.com]]>
              </value>
            </param>
            <param index="1">
              <value>
                <![CDATA[ravuri123]]>
              </value>
            </param>
          </params>
          <reporter-output>
          </reporter-output>
        </test-method> <!-- verifyLoginWithValidCredentials -->
        <test-method is-config="true" signature="tearDown()[pri:0, instance:com.tutorialsninja.qa.testcases.Login@6a6cb05c]" started-at="2024-04-25T18:40:36 IST" name="tearDown" finished-at="2024-04-25T18:40:36 IST" duration-ms="318" status="PASS">
          <reporter-output>
          </reporter-output>
        </test-method> <!-- tearDown -->
        <test-method is-config="true" signature="setup()[pri:0, instance:com.tutorialsninja.qa.testcases.Login@6a6cb05c]" started-at="2024-04-25T18:40:36 IST" name="setup" finished-at="2024-04-25T18:40:46 IST" duration-ms="9390" status="PASS">
          <reporter-output>
          </reporter-output>
        </test-method> <!-- setup -->
        <test-method signature="verifyLoginWithValidCredentials(java.lang.String,java.lang.String)[pri:1, instance:com.tutorialsninja.qa.testcases.Login@6a6cb05c]" started-at="2024-04-25T18:40:46 IST" name="verifyLoginWithValidCredentials" data-provider="LoginData" finished-at="2024-04-25T18:40:47 IST" duration-ms="1193" status="PASS">
          <params>
            <param index="0">
              <value>
                <![CDATA[ravurireddy@gmail.com]]>
              </value>
            </param>
            <param index="1">
              <value>
                <![CDATA[ravuri123]]>
              </value>
            </param>
          </params>
          <reporter-output>
          </reporter-output>
        </test-method> <!-- verifyLoginWithValidCredentials -->
        <test-method is-config="true" signature="tearDown()[pri:0, instance:com.tutorialsninja.qa.testcases.Login@6a6cb05c]" started-at="2024-04-25T18:40:47 IST" name="tearDown" finished-at="2024-04-25T18:40:47 IST" duration-ms="391" status="PASS">
          <reporter-output>
          </reporter-output>
        </test-method> <!-- tearDown -->
        <test-method is-config="true" signature="setup()[pri:0, instance:com.tutorialsninja.qa.testcases.Login@6a6cb05c]" started-at="2024-04-25T18:40:47 IST" name="setup" finished-at="2024-04-25T18:40:58 IST" duration-ms="10250" status="PASS">
          <reporter-output>
          </reporter-output>
        </test-method> <!-- setup -->
        <test-method signature="verifyLoginWithInvalidCredentials()[pri:2, instance:com.tutorialsninja.qa.testcases.Login@6a6cb05c]" started-at="2024-04-25T18:40:58 IST" name="verifyLoginWithInvalidCredentials" finished-at="2024-04-25T18:40:59 IST" duration-ms="1404" status="PASS">
          <reporter-output>
          </reporter-output>
        </test-method> <!-- verifyLoginWithInvalidCredentials -->
        <test-method is-config="true" signature="tearDown()[pri:0, instance:com.tutorialsninja.qa.testcases.Login@6a6cb05c]" started-at="2024-04-25T18:40:59 IST" name="tearDown" finished-at="2024-04-25T18:41:00 IST" duration-ms="820" status="PASS">
          <reporter-output>
          </reporter-output>
        </test-method> <!-- tearDown -->
        <test-method is-config="true" signature="setup()[pri:0, instance:com.tutorialsninja.qa.testcases.Login@6a6cb05c]" started-at="2024-04-25T18:41:00 IST" name="setup" finished-at="2024-04-25T18:41:11 IST" duration-ms="10785" status="PASS">
          <reporter-output>
          </reporter-output>
        </test-method> <!-- setup -->
        <test-method signature="verifyLoginWithInvalidEmailAndValidPassword()[pri:3, instance:com.tutorialsninja.qa.testcases.Login@6a6cb05c]" started-at="2024-04-25T18:41:11 IST" name="verifyLoginWithInvalidEmailAndValidPassword" finished-at="2024-04-25T18:41:12 IST" duration-ms="1452" status="PASS">
          <reporter-output>
          </reporter-output>
        </test-method> <!-- verifyLoginWithInvalidEmailAndValidPassword -->
        <test-method is-config="true" signature="tearDown()[pri:0, instance:com.tutorialsninja.qa.testcases.Login@6a6cb05c]" started-at="2024-04-25T18:41:12 IST" name="tearDown" finished-at="2024-04-25T18:41:13 IST" duration-ms="624" status="PASS">
          <reporter-output>
          </reporter-output>
        </test-method> <!-- tearDown -->
        <test-method is-config="true" signature="setup()[pri:0, instance:com.tutorialsninja.qa.testcases.Login@6a6cb05c]" started-at="2024-04-25T18:41:13 IST" name="setup" finished-at="2024-04-25T18:41:24 IST" duration-ms="11362" status="PASS">
          <reporter-output>
          </reporter-output>
        </test-method> <!-- setup -->
        <test-method signature="verifyLoginWithValidEmailAndInvalidPassword()[pri:4, instance:com.tutorialsninja.qa.testcases.Login@6a6cb05c]" started-at="2024-04-25T18:41:24 IST" name="verifyLoginWithValidEmailAndInvalidPassword" finished-at="2024-04-25T18:41:26 IST" duration-ms="1666" status="PASS">
          <reporter-output>
          </reporter-output>
        </test-method> <!-- verifyLoginWithValidEmailAndInvalidPassword -->
        <test-method is-config="true" signature="tearDown()[pri:0, instance:com.tutorialsninja.qa.testcases.Login@6a6cb05c]" started-at="2024-04-25T18:41:26 IST" name="tearDown" finished-at="2024-04-25T18:41:27 IST" duration-ms="938" status="PASS">
          <reporter-output>
          </reporter-output>
        </test-method> <!-- tearDown -->
        <test-method is-config="true" signature="setup()[pri:0, instance:com.tutorialsninja.qa.testcases.Login@6a6cb05c]" started-at="2024-04-25T18:41:27 IST" name="setup" finished-at="2024-04-25T18:41:38 IST" duration-ms="11535" status="PASS">
          <reporter-output>
          </reporter-output>
        </test-method> <!-- setup -->
        <test-method signature="verifyLoginWithoutProvidingCredentials()[pri:5, instance:com.tutorialsninja.qa.testcases.Login@6a6cb05c]" started-at="2024-04-25T18:41:38 IST" name="verifyLoginWithoutProvidingCredentials" finished-at="2024-04-25T18:41:39 IST" duration-ms="1029" status="PASS">
          <reporter-output>
          </reporter-output>
        </test-method> <!-- verifyLoginWithoutProvidingCredentials -->
        <test-method is-config="true" signature="tearDown()[pri:0, instance:com.tutorialsninja.qa.testcases.Login@6a6cb05c]" started-at="2024-04-25T18:41:39 IST" name="tearDown" finished-at="2024-04-25T18:41:40 IST" duration-ms="638" status="PASS">
          <reporter-output>
          </reporter-output>
        </test-method> <!-- tearDown -->
        <test-method is-config="true" signature="setup()[pri:0, instance:com.tutorialsninja.qa.testcases.Login@6a6cb05c]" started-at="2024-04-25T18:41:40 IST" name="setup" finished-at="2024-04-25T18:41:50 IST" duration-ms="10293" status="PASS">
          <reporter-output>
          </reporter-output>
        </test-method> <!-- setup -->
        <test-method signature="verifyLoginUsingTabAndEnter()[pri:6, instance:com.tutorialsninja.qa.testcases.Login@6a6cb05c]" started-at="2024-04-25T18:41:50 IST" name="verifyLoginUsingTabAndEnter" finished-at="2024-04-25T18:41:53 IST" duration-ms="2395" status="PASS">
          <reporter-output>
          </reporter-output>
        </test-method> <!-- verifyLoginUsingTabAndEnter -->
        <test-method is-config="true" signature="tearDown()[pri:0, instance:com.tutorialsninja.qa.testcases.Login@6a6cb05c]" started-at="2024-04-25T18:41:53 IST" name="tearDown" finished-at="2024-04-25T18:41:53 IST" duration-ms="609" status="PASS">
          <reporter-output>
          </reporter-output>
        </test-method> <!-- tearDown -->
      </class> <!-- com.tutorialsninja.qa.testcases.Login -->
    </test> <!-- TutorialsNinja Test Cases -->
  </suite> <!-- TutorialsNinja Automation Suite -->
</testng-results>
